<?xml version="1.0" encoding="UTF-8" ?>
<testsuite tests="22" failures="0" name="runAllTest.RunCukeTest" time="0.213" errors="0" skipped="0">
  <properties>
[...]
</properties>
  <testcase classname="| This field is required | //select[@class=&apos;title required error&apos;] | This field is required | //input[@class=&apos;required error&apos;] | This field is required | //input[@class=&apos;required error&apos;] | This field is required | //select[@class=&apos;dobDay inline required error&apos;] |" name="Given I decide to join moneygaming" time="0.012"/>
  <testcase classname="| This field is required | //select[@class=&apos;title required error&apos;] | This field is required | //input[@class=&apos;required error&apos;] | This field is required | //input[@class=&apos;required error&apos;] | This field is required | //select[@class=&apos;dobDay inline required error&apos;] |" name="Then I should see the page&quot;Join now to Play Online Casino Games - Free or Cash | MoneyGaming.com&quot;" time="0.001"/>
  <testcase classname="| This field is required | //select[@class=&apos;title required error&apos;] | This field is required | //input[@class=&apos;required error&apos;] | This field is required | //input[@class=&apos;required error&apos;] | This field is required | //select[@class=&apos;dobDay inline required error&apos;] |" name="When I click to join" time="0"/>
  <testcase classname="| This field is required | //select[@class=&apos;title required error&apos;] | This field is required | //input[@class=&apos;required error&apos;] | This field is required | //input[@class=&apos;required error&apos;] | This field is required | //select[@class=&apos;dobDay inline required error&apos;] |" name="Then I should see the text on the page &quot;This field is required&quot; using xpath &quot;//select[@class=&apos;title required error&apos;]&quot;" time="0"/>
  <testcase classname="| This field is required | //select[@class=&apos;title required error&apos;] | This field is required | //input[@class=&apos;required error&apos;] | This field is required | //input[@class=&apos;required error&apos;] | This field is required | //select[@class=&apos;dobDay inline required error&apos;] |" name="And I should see the text on the page &quot;This field is required&quot; using xpath &quot;//input[@class=&apos;required error&apos;]&quot;" time="0"/>
  <testcase classname="| This field is required | //select[@class=&apos;title required error&apos;] | This field is required | //input[@class=&apos;required error&apos;] | This field is required | //input[@class=&apos;required error&apos;] | This field is required | //select[@class=&apos;dobDay inline required error&apos;] |" name="Then I should see the text on the page &quot;This field is required&quot; using xpath &quot;//input[@class=&apos;required error&apos;]&quot;" time="0"/>
  <testcase classname="| This field is required | //select[@class=&apos;title required error&apos;] | This field is required | //input[@class=&apos;required error&apos;] | This field is required | //input[@class=&apos;required error&apos;] | This field is required | //select[@class=&apos;dobDay inline required error&apos;] |" name="Then I should see the text on the page &quot;This field is required&quot; using xpath &quot;//select[@class=&apos;dobDay inline required error&apos;]&quot;" time="0"/>
  <testcase classname="| This field is required | //select[@class=&apos;title required error&apos;] | This field is required | //input[@class=&apos;required error&apos;] | This field is required | //input[@class=&apos;required error&apos;] | This field is required | //select[@class=&apos;dobDay inline required error&apos;] |" name="When I provide my details as follows:" time="0"/>
  <testcase classname="| This field is required | //select[@class=&apos;title required error&apos;] | This field is required | //input[@class=&apos;required error&apos;] | This field is required | //input[@class=&apos;required error&apos;] | This field is required | //select[@class=&apos;dobDay inline required error&apos;] |" name="And I click to join" time="0.001"/>
  <testcase classname="| This field is required | //select[@class=&apos;title required error&apos;] | This field is required | //input[@class=&apos;required error&apos;] | This field is required | //input[@class=&apos;required error&apos;] | This field is required | //select[@class=&apos;dobDay inline required error&apos;] |" name="Then I should see the text on the page &quot;This field is required&quot; using xpath &quot;//select[@class=&apos;title required error&apos;]&quot;" time="0"/>
  <testcase classname="| This field is required | //select[@class=&apos;title required error&apos;] | This field is required | //input[@class=&apos;required error&apos;] | This field is required | //input[@class=&apos;required error&apos;] | This field is required | //select[@class=&apos;dobDay inline required error&apos;] |" name="When I provide my details as follows:" time="0"/>
  <testcase classname="| This field is required | //select[@class=&apos;title required error&apos;] | This field is required | //input[@class=&apos;required error&apos;] | This field is required | //input[@class=&apos;required error&apos;] | This field is required | //select[@class=&apos;dobDay inline required error&apos;] |" name="And I click to join" time="0"/>
  <testcase classname="| This field is required | //select[@class=&apos;title required error&apos;] | This field is required | //input[@class=&apos;required error&apos;] | This field is required | //input[@class=&apos;required error&apos;] | This field is required | //select[@class=&apos;dobDay inline required error&apos;] |" name="Then I should see the text on the page &quot;This field is required&quot; using xpath &quot;//input[@class=&apos;required error&apos;]&quot;" time="0"/>
  <testcase classname="| This field is required | //select[@class=&apos;title required error&apos;] | This field is required | //input[@class=&apos;required error&apos;] | This field is required | //input[@class=&apos;required error&apos;] | This field is required | //select[@class=&apos;dobDay inline required error&apos;] |" name="When I provide my details as follows:" time="0.001"/>
  <testcase classname="| This field is required | //select[@class=&apos;title required error&apos;] | This field is required | //input[@class=&apos;required error&apos;] | This field is required | //input[@class=&apos;required error&apos;] | This field is required | //select[@class=&apos;dobDay inline required error&apos;] |" name="And I click to join" time="0"/>
  <testcase classname="| This field is required | //select[@class=&apos;title required error&apos;] | This field is required | //input[@class=&apos;required error&apos;] | This field is required | //input[@class=&apos;required error&apos;] | This field is required | //select[@class=&apos;dobDay inline required error&apos;] |" name="Then I should see the text on the page &quot;This field is required&quot; using xpath &quot;//input[@class=&apos;required error&apos;]&quot;" time="0"/>
  <testcase classname="| This field is required | //select[@class=&apos;title required error&apos;] | This field is required | //input[@class=&apos;required error&apos;] | This field is required | //input[@class=&apos;required error&apos;] | This field is required | //select[@class=&apos;dobDay inline required error&apos;] |" name="When I provide my details as follows:" time="0.001"/>
  <testcase classname="| This field is required | //select[@class=&apos;title required error&apos;] | This field is required | //input[@class=&apos;required error&apos;] | This field is required | //input[@class=&apos;required error&apos;] | This field is required | //select[@class=&apos;dobDay inline required error&apos;] |" name="And I click to join" time="0"/>
  <testcase classname="| This field is required | //select[@class=&apos;title required error&apos;] | This field is required | //input[@class=&apos;required error&apos;] | This field is required | //input[@class=&apos;required error&apos;] | This field is required | //select[@class=&apos;dobDay inline required error&apos;] |" name="Then I should see the text on the page &quot;This field is required&quot; using xpath &quot;//select[@class=&apos;dobDay inline required error&apos;]&quot;" time="0"/>
  <testcase classname="| This field is required | //select[@class=&apos;title required error&apos;] | This field is required | //input[@class=&apos;required error&apos;] | This field is required | //input[@class=&apos;required error&apos;] | This field is required | //select[@class=&apos;dobDay inline required error&apos;] |" name="When I provide my details as follows:" time="0"/>
  <testcase classname="| This field is required | //select[@class=&apos;title required error&apos;] | This field is required | //input[@class=&apos;required error&apos;] | This field is required | //input[@class=&apos;required error&apos;] | This field is required | //select[@class=&apos;dobDay inline required error&apos;] |" name="And I click to join" time="0.001"/>
  <testcase classname="| This field is required | //select[@class=&apos;title required error&apos;] | This field is required | //input[@class=&apos;required error&apos;] | This field is required | //input[@class=&apos;required error&apos;] | This field is required | //select[@class=&apos;dobDay inline required error&apos;] |" name="| This field is required | //select[@class=&apos;title required error&apos;] | This field is required | //input[@class=&apos;required error&apos;] | This field is required | //input[@class=&apos;required error&apos;] | This field is required | //select[@class=&apos;dobDay inline required error&apos;] |" time="0.196"/>
</testsuite>